  Game.cpp
C:\Users\ssjjh\Desktop\gpcpp\myPractice\Chap02\AnimSpriteComponent.h(26,79): warning C4244: '=': '_Ty1'에서 'float'(으)로 변환하면서 데이터가 손실될 수 있습니다.
C:\Users\ssjjh\Desktop\gpcpp\myPractice\Chap02\AnimSpriteComponent.h(26,79): warning C4244:         with
C:\Users\ssjjh\Desktop\gpcpp\myPractice\Chap02\AnimSpriteComponent.h(26,79): warning C4244:         [
C:\Users\ssjjh\Desktop\gpcpp\myPractice\Chap02\AnimSpriteComponent.h(26,79): warning C4244:             _Ty1=int
C:\Users\ssjjh\Desktop\gpcpp\myPractice\Chap02\AnimSpriteComponent.h(26,79): warning C4244:         ]
  (소스 파일 'Game.cpp'을(를) 컴파일하는 중)
  
  Game.vcxproj -> C:\Users\ssjjh\Desktop\gpcpp\myPractice\Chap02\Debug\Game.exe
  C:\Users\ssjjh\Desktop\gpcpp\myPractice\Chap02\\..\external\SDL\lib\win\x86\libfreetype-6.dll
  C:\Users\ssjjh\Desktop\gpcpp\myPractice\Chap02\\..\external\SDL\lib\win\x86\libogg-0.dll
  C:\Users\ssjjh\Desktop\gpcpp\myPractice\Chap02\\..\external\SDL\lib\win\x86\libpng16-16.dll
  C:\Users\ssjjh\Desktop\gpcpp\myPractice\Chap02\\..\external\SDL\lib\win\x86\libvorbis-0.dll
  C:\Users\ssjjh\Desktop\gpcpp\myPractice\Chap02\\..\external\SDL\lib\win\x86\libvorbisfile-3.dll
  C:\Users\ssjjh\Desktop\gpcpp\myPractice\Chap02\\..\external\SDL\lib\win\x86\SDL2.dll
  C:\Users\ssjjh\Desktop\gpcpp\myPractice\Chap02\\..\external\SDL\lib\win\x86\SDL2_image.dll
  C:\Users\ssjjh\Desktop\gpcpp\myPractice\Chap02\\..\external\SDL\lib\win\x86\SDL2_mixer.dll
  C:\Users\ssjjh\Desktop\gpcpp\myPractice\Chap02\\..\external\SDL\lib\win\x86\SDL2_ttf.dll
  C:\Users\ssjjh\Desktop\gpcpp\myPractice\Chap02\\..\external\SDL\lib\win\x86\zlib1.dll
  10개 파일이 복사되었습니다.
  C:\Users\ssjjh\Desktop\gpcpp\myPractice\Chap02\\..\external\GLEW\lib\win\x86\glew32.dll
  1개 파일이 복사되었습니다.
