  Board.cpp
C:\Users\ssjjh\Desktop\gpcpp\myPractice\Exercises\4.2\Board.cpp(208,22): warning C4305: '+=': 'double'에서 'float'(으)로 잘립니다.
C:\Users\ssjjh\Desktop\gpcpp\myPractice\Exercises\4.2\Board.cpp(211,22): warning C4305: '+=': 'double'에서 'float'(으)로 잘립니다.
C:\Users\ssjjh\Desktop\gpcpp\myPractice\Exercises\4.2\Board.cpp(218,19): warning C4305: '+=': 'double'에서 'float'(으)로 잘립니다.
C:\Users\ssjjh\Desktop\gpcpp\myPractice\Exercises\4.2\Board.cpp(221,19): warning C4305: '+=': 'double'에서 'float'(으)로 잘립니다.
C:\Users\ssjjh\Desktop\gpcpp\myPractice\Exercises\4.2\Board.cpp(277,20): warning C4018: '<': signed 또는 unsigned가 일치하지 않습니다.
C:\Users\ssjjh\Desktop\gpcpp\myPractice\Exercises\4.2\Board.cpp(311,20): warning C4018: '<': signed 또는 unsigned가 일치하지 않습니다.
C:\Users\ssjjh\Desktop\gpcpp\myPractice\Exercises\4.2\Board.cpp(341,20): warning C4018: '<': signed 또는 unsigned가 일치하지 않습니다.
  Game.vcxproj -> C:\Users\ssjjh\Desktop\gpcpp\myPractice\Exercises\4.2\Debug\Game.exe
  C:\Users\ssjjh\Desktop\gpcpp\myPractice\Exercises\4.2\\..\..\external\SDL\lib\win\x86\libfreetype-6.dll
  C:\Users\ssjjh\Desktop\gpcpp\myPractice\Exercises\4.2\\..\..\external\SDL\lib\win\x86\libogg-0.dll
  C:\Users\ssjjh\Desktop\gpcpp\myPractice\Exercises\4.2\\..\..\external\SDL\lib\win\x86\libpng16-16.dll
  C:\Users\ssjjh\Desktop\gpcpp\myPractice\Exercises\4.2\\..\..\external\SDL\lib\win\x86\libvorbis-0.dll
  C:\Users\ssjjh\Desktop\gpcpp\myPractice\Exercises\4.2\\..\..\external\SDL\lib\win\x86\libvorbisfile-3.dll
  C:\Users\ssjjh\Desktop\gpcpp\myPractice\Exercises\4.2\\..\..\external\SDL\lib\win\x86\SDL2.dll
  C:\Users\ssjjh\Desktop\gpcpp\myPractice\Exercises\4.2\\..\..\external\SDL\lib\win\x86\SDL2_image.dll
  C:\Users\ssjjh\Desktop\gpcpp\myPractice\Exercises\4.2\\..\..\external\SDL\lib\win\x86\SDL2_mixer.dll
  C:\Users\ssjjh\Desktop\gpcpp\myPractice\Exercises\4.2\\..\..\external\SDL\lib\win\x86\SDL2_ttf.dll
  C:\Users\ssjjh\Desktop\gpcpp\myPractice\Exercises\4.2\\..\..\external\SDL\lib\win\x86\zlib1.dll
  10개 파일이 복사되었습니다.
  C:\Users\ssjjh\Desktop\gpcpp\myPractice\Exercises\4.2\\..\..\external\GLEW\lib\win\x86\glew32.dll
  1개 파일이 복사되었습니다.
